m:\ccc\ds projct\v1\v1\hangman v1.2 no display char\hangman\debug\vc141.pdb
m:\ccc\ds projct\v1\v1\hangman v1.2 no display char\hangman\debug\vc141.idb
m:\ccc\ds projct\v1\v1\hangman v1.2 no display char\hangman\debug\hangman.obj
m:\ccc\ds projct\v1\v1\hangman v1.2 no display char\hangman\debug\source.obj
c:\users\aladdin\desktop\ds projct\hangman v1.2 no display char\hangman\debug\vc141.pdb
c:\users\aladdin\desktop\ds projct\hangman v1.2 no display char\hangman\debug\vc141.idb
c:\users\aladdin\desktop\ds projct\hangman v1.2 no display char\hangman\debug\hangman.obj
m:\ccc\ds projct\v1\v1\hangman v1.2 no display char\debug\hangman.exe
m:\ccc\ds projct\v1\v1\hangman v1.2 no display char\debug\hangman.ilk
m:\ccc\ds projct\v1\v1\hangman v1.2 no display char\debug\hangman.pdb
c:\users\aladdin\desktop\ds projct\hangman v1.2 no display char\debug\hangman.exe
c:\users\aladdin\desktop\ds projct\hangman v1.2 no display char\debug\hangman.pdb
c:\users\aladdin\desktop\ds projct\hangman v1.2 no display char\hangman\debug\vc120.idb
c:\users\aladdin\desktop\ds projct\hangman v1.2 no display char\hangman\debug\vc120.pdb
c:\users\aladdin\desktop\ds projct\hangman v1.2 no display char\hangman\debug\hangman.tlog\cl.command.1.tlog
c:\users\aladdin\desktop\ds projct\hangman v1.2 no display char\hangman\debug\hangman.tlog\cl.read.1.tlog
c:\users\aladdin\desktop\ds projct\hangman v1.2 no display char\hangman\debug\hangman.tlog\cl.write.1.tlog
c:\users\aladdin\desktop\ds projct\hangman v1.2 no display char\hangman\debug\hangman.tlog\link.command.1.tlog
c:\users\aladdin\desktop\ds projct\hangman v1.2 no display char\hangman\debug\hangman.tlog\link.delete.1.tlog
c:\users\aladdin\desktop\ds projct\hangman v1.2 no display char\hangman\debug\hangman.tlog\link.read.1.tlog
c:\users\aladdin\desktop\ds projct\hangman v1.2 no display char\hangman\debug\hangman.tlog\link.write.1.tlog
